<?xml version="1.0" encoding="UTF-8"?>
<robot generator="Robot 7.0.1 (Python 3.12.4 on win32)" generated="2024-07-14T11:27:40.092615" rpa="false" schemaversion="5">
<suite id="s1" name="GetTextFromNewTab" source="C:\Users\Lenovo\PycharmProjects\Assessment\Tests\GetTextFromNewTab.robot">
<test id="s1-t1" name="Get the text from the New tab and log it on console" line="9">
<kw name="Open the broswer with landing page" owner="Generic">
<kw name="Create Webdriver" owner="SeleniumLibrary">
<msg time="2024-07-14T11:27:40.578336" level="INFO">Creating an instance of the Chrome WebDriver.</msg>
<arg>Chrome</arg>
<doc>Creates an instance of Selenium WebDriver.</doc>
<status status="PASS" start="2024-07-14T11:27:40.578336" elapsed="2.959039"/>
</kw>
<kw name="Maximize Browser Window" owner="SeleniumLibrary">
<doc>Maximizes current browser window.</doc>
<status status="PASS" start="2024-07-14T11:27:43.537375" elapsed="0.038094"/>
</kw>
<kw name="Go To" owner="SeleniumLibrary">
<msg time="2024-07-14T11:27:43.575469" level="INFO">Opening url 'https://demoqa.com/'</msg>
<arg>https://demoqa.com/</arg>
<doc>Navigates the current browser window to the provided ``url``.</doc>
<status status="PASS" start="2024-07-14T11:27:43.575469" elapsed="8.045502"/>
</kw>
<status status="PASS" start="2024-07-14T11:27:40.576219" elapsed="11.051765"/>
</kw>
<kw name="Click on AlertFrameandWindow box" owner="LandingPage">
<kw name="Execute Javascript" owner="SeleniumLibrary">
<msg time="2024-07-14T11:27:51.628491" level="INFO">Executing JavaScript:
window.scrollTo(0,500)
Without any arguments.</msg>
<arg>window.scrollTo(0,500)</arg>
<doc>Executes the given JavaScript code with possible arguments.</doc>
<status status="PASS" start="2024-07-14T11:27:51.628491" elapsed="0.009519"/>
</kw>
<kw name="Click Element" owner="SeleniumLibrary">
<msg time="2024-07-14T11:27:51.639517" level="INFO">Clicking element 'xpath://h5[normalize-space()='Alerts, Frame &amp; Windows']'.</msg>
<arg>${Alertframe&amp;windowbox}</arg>
<doc>Click the element identified by ``locator``.</doc>
<status status="PASS" start="2024-07-14T11:27:51.638010" elapsed="0.175950"/>
</kw>
<status status="PASS" start="2024-07-14T11:27:51.628491" elapsed="0.185522"/>
</kw>
<kw name="Click on browse window element" owner="BrowseWindow">
<kw name="Click Element" owner="SeleniumLibrary">
<msg time="2024-07-14T11:27:51.815310" level="INFO">Clicking element 'xpath://li/span[text()='Browser Windows']'.</msg>
<arg>xpath://li/span[text()='Browser Windows']</arg>
<doc>Click the element identified by ``locator``.</doc>
<status status="PASS" start="2024-07-14T11:27:51.815310" elapsed="0.147967"/>
</kw>
<kw name="Click Button" owner="SeleniumLibrary">
<msg time="2024-07-14T11:27:51.967348" level="INFO">Clicking button 'tabButton'.</msg>
<arg>tabButton</arg>
<doc>Clicks the button identified by ``locator``.</doc>
<status status="PASS" start="2024-07-14T11:27:51.967348" elapsed="0.284028"/>
</kw>
<kw name="Sleep" owner="BuiltIn">
<msg time="2024-07-14T11:27:55.257268" level="INFO">Slept 3 seconds.</msg>
<arg>3</arg>
<doc>Pauses the test executed for the given time.</doc>
<status status="PASS" start="2024-07-14T11:27:52.251376" elapsed="3.006919"/>
</kw>
<status status="PASS" start="2024-07-14T11:27:51.814013" elapsed="3.444282"/>
</kw>
<kw name="Switch to new window and get text from new window" owner="BrowseWindow">
<kw name="Switch Window" owner="SeleniumLibrary">
<arg>NEW</arg>
<doc>Switches to browser window matching ``locator``.</doc>
<status status="PASS" start="2024-07-14T11:27:55.259827" elapsed="0.059673"/>
</kw>
<kw name="Get Text" owner="SeleniumLibrary">
<msg time="2024-07-14T11:27:55.371498" level="INFO">${newWindowText} = This is a sample page</msg>
<var>${newWindowText}</var>
<arg>sampleHeading</arg>
<doc>Returns the text value of the element identified by ``locator``.</doc>
<status status="PASS" start="2024-07-14T11:27:55.319500" elapsed="0.051998"/>
</kw>
<kw name="Log To Console" owner="BuiltIn">
<arg>${newWindowText}</arg>
<doc>Logs the given message to the console.</doc>
<status status="PASS" start="2024-07-14T11:27:55.371498" elapsed="0.000000"/>
</kw>
<kw name="Log" owner="BuiltIn">
<msg time="2024-07-14T11:27:55.371498" level="INFO">This is a sample page</msg>
<arg>${newWindowText}</arg>
<doc>Logs the given message with the given level.</doc>
<status status="PASS" start="2024-07-14T11:27:55.371498" elapsed="0.000000"/>
</kw>
<kw name="Switch Window" owner="SeleniumLibrary">
<arg>MAIN</arg>
<doc>Switches to browser window matching ``locator``.</doc>
<status status="PASS" start="2024-07-14T11:27:55.371498" elapsed="0.041642"/>
</kw>
<status status="PASS" start="2024-07-14T11:27:55.259827" elapsed="0.153313"/>
</kw>
<status status="PASS" start="2024-07-14T11:27:40.574657" elapsed="14.838483"/>
</test>
<doc>this is demo</doc>
<status status="PASS" start="2024-07-14T11:27:40.128749" elapsed="15.292700"/>
</suite>
<statistics>
<total>
<stat pass="1" fail="0" skip="0">All Tests</stat>
</total>
<tag>
</tag>
<suite>
<stat pass="1" fail="0" skip="0" id="s1" name="GetTextFromNewTab">GetTextFromNewTab</stat>
</suite>
</statistics>
<errors>
</errors>
</robot>
